(0000) 4000  0100000000000000 (   7)                 .ORIG x4000
(4000) 2C0D  0010110000001101 (  10)                 LD    R6 stackinitial
(4001) 200D  0010000000001101 (  14)                 LD    R0 isrstart
(4002) B00D  1011000000001101 (  15)                 STI   R0 ivt
(4003) 200A  0010000000001010 (  19)                 LD    R0 stackinitial
(4004) B00C  1011000000001100 (  20)                 STI   R0 KBSR
(4005) 5260  0101001001100000 (  23)                 AND   R1 R1 #0
(4006) B20B  1011001000001011 (  24)                 STI   R1 Buffer
(4007) 56E0  0101011011100000 (  26) startover       AND   R3 R3 #0
(4008) 1AE0  0001101011100000 (  27) stopover        ADD   R5 R3 #0
(4009) A008  1010000000001000 (  29) loop            LDI   R0 Buffer
(400A) 05FE  0000010111111110 (  30)                 BRZ   loop
(400B) F021  1111000000100001 (  31)                 TRAP  x21
(400C) 5260  0101001001100000 (  32)                 AND   R1 R1 #0
(400D) B204  1011001000000100 (  33)                 STI   R1 Buffer
(400E) 4000  0100000000000000 (  37) stackinitial    .FILL x4000
(400F) 2600  0010011000000000 (  38) isrstart        .FILL x2600
(4010) 0180  0000000110000000 (  39) ivt             .FILL x0180
(4011) FE00  1111111000000000 (  40) KBSR            .FILL xFE00
(4012) 4600  0100011000000000 (  41) Buffer          .FILL x4600
(4013) FFBF  1111111110111111 (  42) Aasciicomp      .FILL xFFBF
(4014) FFAB  1111111110101011 (  43) Uasciicomp      .FILL xFFAB
(4015) FFB9  1111111110111001 (  44) Gasciicomp      .FILL xFFB9
(4016) 007C  0000000001111100 (  45) pipe            .FILL x007C
